<?xml version="1.0" encoding="UTF-8"?>
<!-- Generated by org.testng.reporters.JUnitXMLReporter -->
<testsuite ignored="0" hostname="DESKTOP-5VGD0PP" failures="0" tests="6" name="Default test" time="48.911" errors="0" timestamp="2024-04-21T15:42:20 IST">
  <testcase classname="Testcase.MakeMyTripSearch" name="ValidateSearchwithValidValues" time="6.262"/>
  <testcase classname="Testcase.MakeMyTripSearch" name="ValidateSearchwithValidValues" time="26.449"/>
  <testcase classname="Testcase.MakeMyTripSearch" name="ValidateSearchwithValidValues" time="7.742"/>
  <testcase classname="Testcase.MakeMyTripSearch" name="ValidateSearchwithSameCityError" time="1.458"/>
  <testcase classname="Testcase.MakeMyTripSearch" name="ValidateSearchwithSameCityError" time="0.784"/>
  <testcase classname="Testcase.MakeMyTripSearch" name="ValidateSearchwithSameCityError" time="0.667"/>
</testsuite> <!-- Default test -->
