<?xml version="1.0" encoding="UTF-8"?>
<!-- Generated by org.testng.reporters.JUnitXMLReporter -->
<testsuite ignored="0" hostname="DESKTOP-VTBT3RG" failures="0" tests="4" name="Test" time="0.082" errors="0" timestamp="2024-04-02T09:54:43 IST">
  <testcase classname="TestNgAnnotations.SecondTestNG" name="FourthTestcase" time="0.009"/>
  <testcase classname="TestNgAnnotations.FirstTestNg" name="ThirdTestcase" time="0.008"/>
  <testcase classname="TestNgAnnotations.FirstTestNg" name="FirstTestcase" time="0.002"/>
  <testcase classname="TestNgAnnotations.FirstTestNg" name="SecondTestcase" time="0.001"/>
</testsuite> <!-- Test -->
