<?xml version="1.0" encoding="UTF-8"?>
<!-- Generated by org.testng.reporters.JUnitXMLReporter -->
<testsuite ignored="0" hostname="DESKTOP-5VGD0PP" failures="0" tests="4" name="Test" time="0.053" errors="0" timestamp="2024-04-08T09:15:09 IST">
  <testcase classname="TestNgAnnotations.SecondTestNG" name="FourthTestcase" time="0.006"/>
  <testcase classname="TestNgAnnotations.FirstTestNg" name="ThirdTestcase" time="0.006"/>
  <testcase classname="TestNgAnnotations.FirstTestNg" name="FirstTestcase" time="0.002"/>
  <testcase classname="TestNgAnnotations.FirstTestNg" name="SecondTestcase" time="0.001"/>
</testsuite> <!-- Test -->
