<?xml version="1.0" encoding="UTF-8"?>
<testng-results ignored="0" total="4" passed="4" failed="0" skipped="0">
  <reporter-output>
  </reporter-output>
  <suite started-at="2024-04-02T09:54:43 IST" name="Suite" finished-at="2024-04-02T09:54:43 IST" duration-ms="82">
    <groups>
    </groups>
    <test started-at="2024-04-02T09:54:43 IST" name="Test" finished-at="2024-04-02T09:54:43 IST" duration-ms="82">
      <class name="TestNgAnnotations.SecondTestNG">
        <test-method is-config="true" signature="bfc()[pri:0, instance:TestNgAnnotations.SecondTestNG@4802796d]" started-at="2024-04-02T09:54:43 IST" name="bfc" finished-at="2024-04-02T09:54:43 IST" duration-ms="8" status="PASS">
          <reporter-output>
          </reporter-output>
        </test-method> <!-- bfc -->
        <test-method signature="FourthTestcase()[pri:0, instance:TestNgAnnotations.SecondTestNG@4802796d]" started-at="2024-04-02T09:54:43 IST" name="FourthTestcase" finished-at="2024-04-02T09:54:43 IST" duration-ms="9" status="PASS">
          <reporter-output>
          </reporter-output>
        </test-method> <!-- FourthTestcase -->
        <test-method is-config="true" signature="afterm()[pri:0, instance:TestNgAnnotations.SecondTestNG@4802796d]" started-at="2024-04-02T09:54:43 IST" name="afterm" finished-at="2024-04-02T09:54:43 IST" duration-ms="1" status="PASS">
          <reporter-output>
          </reporter-output>
        </test-method> <!-- afterm -->
        <test-method is-config="true" signature="afc()[pri:0, instance:TestNgAnnotations.SecondTestNG@4802796d]" started-at="2024-04-02T09:54:43 IST" name="afc" finished-at="2024-04-02T09:54:43 IST" duration-ms="1" status="PASS">
          <reporter-output>
          </reporter-output>
        </test-method> <!-- afc -->
      </class> <!-- TestNgAnnotations.SecondTestNG -->
      <class name="TestNgAnnotations.FirstTestNg">
        <test-method is-config="true" signature="BeforeC()[pri:0, instance:TestNgAnnotations.FirstTestNg@515c6049]" started-at="2024-04-02T09:54:43 IST" name="BeforeC" finished-at="2024-04-02T09:54:43 IST" duration-ms="1" status="PASS">
          <reporter-output>
          </reporter-output>
        </test-method> <!-- BeforeC -->
        <test-method is-config="true" signature="BeforeM()[pri:0, instance:TestNgAnnotations.FirstTestNg@515c6049]" started-at="2024-04-02T09:54:43 IST" name="BeforeM" finished-at="2024-04-02T09:54:43 IST" duration-ms="1" status="PASS">
          <reporter-output>
          </reporter-output>
        </test-method> <!-- BeforeM -->
        <test-method signature="ThirdTestcase()[pri:1, instance:TestNgAnnotations.FirstTestNg@515c6049]" started-at="2024-04-02T09:54:43 IST" name="ThirdTestcase" description="valid" finished-at="2024-04-02T09:54:43 IST" duration-ms="8" status="PASS">
          <reporter-output>
          </reporter-output>
        </test-method> <!-- ThirdTestcase -->
        <test-method is-config="true" signature="AfterM()[pri:0, instance:TestNgAnnotations.FirstTestNg@515c6049]" started-at="2024-04-02T09:54:43 IST" name="AfterM" finished-at="2024-04-02T09:54:43 IST" duration-ms="1" status="PASS">
          <reporter-output>
          </reporter-output>
        </test-method> <!-- AfterM -->
        <test-method is-config="true" signature="BeforeM()[pri:0, instance:TestNgAnnotations.FirstTestNg@515c6049]" started-at="2024-04-02T09:54:43 IST" name="BeforeM" finished-at="2024-04-02T09:54:43 IST" duration-ms="1" status="PASS">
          <reporter-output>
          </reporter-output>
        </test-method> <!-- BeforeM -->
        <test-method signature="FirstTestcase()[pri:0, instance:TestNgAnnotations.FirstTestNg@515c6049]" started-at="2024-04-02T09:54:43 IST" name="FirstTestcase" finished-at="2024-04-02T09:54:43 IST" depends-on-methods="TestNgAnnotations.FirstTestNg.ThirdTestcase" duration-ms="2" status="PASS">
          <reporter-output>
          </reporter-output>
        </test-method> <!-- FirstTestcase -->
        <test-method is-config="true" signature="AfterM()[pri:0, instance:TestNgAnnotations.FirstTestNg@515c6049]" started-at="2024-04-02T09:54:43 IST" name="AfterM" finished-at="2024-04-02T09:54:43 IST" duration-ms="1" status="PASS">
          <reporter-output>
          </reporter-output>
        </test-method> <!-- AfterM -->
        <test-method is-config="true" signature="BeforeM()[pri:0, instance:TestNgAnnotations.FirstTestNg@515c6049]" started-at="2024-04-02T09:54:43 IST" name="BeforeM" finished-at="2024-04-02T09:54:43 IST" duration-ms="1" status="PASS">
          <reporter-output>
          </reporter-output>
        </test-method> <!-- BeforeM -->
        <test-method signature="SecondTestcase()[pri:2, instance:TestNgAnnotations.FirstTestNg@515c6049]" started-at="2024-04-02T09:54:43 IST" name="SecondTestcase" finished-at="2024-04-02T09:54:43 IST" duration-ms="1" status="PASS">
          <reporter-output>
          </reporter-output>
        </test-method> <!-- SecondTestcase -->
        <test-method is-config="true" signature="AfterM()[pri:0, instance:TestNgAnnotations.FirstTestNg@515c6049]" started-at="2024-04-02T09:54:43 IST" name="AfterM" finished-at="2024-04-02T09:54:43 IST" duration-ms="1" status="PASS">
          <reporter-output>
          </reporter-output>
        </test-method> <!-- AfterM -->
      </class> <!-- TestNgAnnotations.FirstTestNg -->
    </test> <!-- Test -->
  </suite> <!-- Suite -->
</testng-results>
