<?xml version="1.0" encoding="UTF-8"?>
<testng-results ignored="0" total="1" passed="1" failed="0" skipped="0">
  <reporter-output>
  </reporter-output>
  <suite started-at="2024-04-08T09:33:48 IST" name="Default suite" finished-at="2024-04-08T09:33:51 IST" duration-ms="2935">
    <groups>
    </groups>
    <test started-at="2024-04-08T09:33:48 IST" name="Default test" finished-at="2024-04-08T09:33:51 IST" duration-ms="2935">
      <class name="Testcase.MakeMyTripSearch">
        <test-method is-config="true" signature="BrowserLaunch()[pri:0, instance:Testcase.MakeMyTripSearch@397fbdb]" started-at="2024-04-08T09:33:10 IST" name="BrowserLaunch" finished-at="2024-04-08T09:33:48 IST" duration-ms="38800" status="PASS">
          <reporter-output>
          </reporter-output>
        </test-method> <!-- BrowserLaunch -->
        <test-method is-config="true" signature="LaunchTheURL()[pri:0, instance:Testcase.MakeMyTripSearch@397fbdb]" started-at="2024-04-08T09:33:48 IST" name="LaunchTheURL" finished-at="2024-04-08T09:33:51 IST" duration-ms="2888" status="PASS">
          <reporter-output>
          </reporter-output>
        </test-method> <!-- LaunchTheURL -->
        <test-method signature="ValidateSearchwithValidValues()[pri:0, instance:Testcase.MakeMyTripSearch@397fbdb]" started-at="2024-04-08T09:33:51 IST" name="ValidateSearchwithValidValues" finished-at="2024-04-08T09:33:51 IST" duration-ms="8" status="PASS">
          <reporter-output>
          </reporter-output>
        </test-method> <!-- ValidateSearchwithValidValues -->
        <test-method is-config="true" signature="Close()[pri:0, instance:Testcase.MakeMyTripSearch@397fbdb]" started-at="2024-04-08T09:33:51 IST" name="Close" finished-at="2024-04-08T09:33:52 IST" duration-ms="212" status="PASS">
          <reporter-output>
          </reporter-output>
        </test-method> <!-- Close -->
      </class> <!-- Testcase.MakeMyTripSearch -->
    </test> <!-- Default test -->
  </suite> <!-- Default suite -->
</testng-results>
